This is pdfTeX, Version 3.14159265-2.6-1.40.16 (TeX Live 2015/Debian) (preloaded format=pdflatex 2018.8.25)  26 AUG 2018 14:48
entering extended mode
 restricted \write18 enabled.
 %&-line parsing enabled.
**gia.tex
(./gia.tex
LaTeX2e <2016/02/01>
Babel <3.9q> and hyphenation patterns for 81 language(s) loaded.
(/usr/share/texlive/texmf-dist/tex/latex/base/article.cls
Document Class: article 2014/09/29 v1.4h Standard LaTeX document class
(/usr/share/texlive/texmf-dist/tex/latex/base/size10.clo
File: size10.clo 2014/09/29 v1.4h Standard LaTeX file (size option)
)
\c@part=\count79
\c@section=\count80
\c@subsection=\count81
\c@subsubsection=\count82
\c@paragraph=\count83
\c@subparagraph=\count84
\c@figure=\count85
\c@table=\count86
\abovecaptionskip=\skip41
\belowcaptionskip=\skip42
\bibindent=\dimen102
)
(/usr/share/texlive/texmf-dist/tex/latex/graphics/graphicx.sty
Package: graphicx 2014/10/28 v1.0g Enhanced LaTeX Graphics (DPC,SPQR)

(/usr/share/texlive/texmf-dist/tex/latex/graphics/keyval.sty
Package: keyval 2014/10/28 v1.15 key=value parser (DPC)
\KV@toks@=\toks14
)
(/usr/share/texlive/texmf-dist/tex/latex/graphics/graphics.sty
Package: graphics 2016/01/03 v1.0q Standard LaTeX Graphics (DPC,SPQR)

(/usr/share/texlive/texmf-dist/tex/latex/graphics/trig.sty
Package: trig 2016/01/03 v1.10 sin cos tan (DPC)
)
(/usr/share/texlive/texmf-dist/tex/latex/latexconfig/graphics.cfg
File: graphics.cfg 2010/04/23 v1.9 graphics configuration of TeX Live
)
Package graphics Info: Driver file: pdftex.def on input line 95.

(/usr/share/texlive/texmf-dist/tex/latex/pdftex-def/pdftex.def
File: pdftex.def 2011/05/27 v0.06d Graphics/color for pdfTeX

(/usr/share/texlive/texmf-dist/tex/generic/oberdiek/infwarerr.sty
Package: infwarerr 2010/04/08 v1.3 Providing info/warning/error messages (HO)
)
(/usr/share/texlive/texmf-dist/tex/generic/oberdiek/ltxcmds.sty
Package: ltxcmds 2011/11/09 v1.22 LaTeX kernel commands for general use (HO)
)
\Gread@gobject=\count87
))
\Gin@req@height=\dimen103
\Gin@req@width=\dimen104
)
(/usr/share/texlive/texmf-dist/tex/latex/pgf/utilities/pgffor.sty
(/usr/share/texlive/texmf-dist/tex/latex/pgf/utilities/pgfrcs.sty
(/usr/share/texlive/texmf-dist/tex/generic/pgf/utilities/pgfutil-common.tex
\pgfutil@everybye=\toks15
\pgfutil@tempdima=\dimen105
\pgfutil@tempdimb=\dimen106

(/usr/share/texlive/texmf-dist/tex/generic/pgf/utilities/pgfutil-common-lists.t
ex)) (/usr/share/texlive/texmf-dist/tex/generic/pgf/utilities/pgfutil-latex.def
\pgfutil@abb=\box26
(/usr/share/texlive/texmf-dist/tex/latex/ms/everyshi.sty
Package: everyshi 2001/05/15 v3.00 EveryShipout Package (MS)
))
(/usr/share/texlive/texmf-dist/tex/generic/pgf/utilities/pgfrcs.code.tex
Package: pgfrcs 2015/08/07 v3.0.1a (rcs-revision 1.31)
))
(/usr/share/texlive/texmf-dist/tex/latex/pgf/utilities/pgfkeys.sty
(/usr/share/texlive/texmf-dist/tex/generic/pgf/utilities/pgfkeys.code.tex
\pgfkeys@pathtoks=\toks16
\pgfkeys@temptoks=\toks17

(/usr/share/texlive/texmf-dist/tex/generic/pgf/utilities/pgfkeysfiltered.code.t
ex
\pgfkeys@tmptoks=\toks18
))) (/usr/share/texlive/texmf-dist/tex/latex/pgf/math/pgfmath.sty
(/usr/share/texlive/texmf-dist/tex/generic/pgf/math/pgfmath.code.tex
(/usr/share/texlive/texmf-dist/tex/generic/pgf/math/pgfmathcalc.code.tex
(/usr/share/texlive/texmf-dist/tex/generic/pgf/math/pgfmathutil.code.tex
\pgf@x=\dimen107
\pgf@xa=\dimen108
\pgf@xb=\dimen109
\pgf@xc=\dimen110
\pgf@y=\dimen111
\pgf@ya=\dimen112
\pgf@yb=\dimen113
\pgf@yc=\dimen114
\c@pgf@counta=\count88
\c@pgf@countb=\count89
\c@pgf@countc=\count90
\c@pgf@countd=\count91
)
(/usr/share/texlive/texmf-dist/tex/generic/pgf/math/pgfmathparser.code.tex
\pgfmath@dimen=\dimen115
\pgfmath@count=\count92
\pgfmath@box=\box27
\pgfmath@toks=\toks19
\pgfmath@stack@operand=\toks20
\pgfmath@stack@operation=\toks21
)
(/usr/share/texlive/texmf-dist/tex/generic/pgf/math/pgfmathfunctions.code.tex
(/usr/share/texlive/texmf-dist/tex/generic/pgf/math/pgfmathfunctions.basic.code
.tex)
(/usr/share/texlive/texmf-dist/tex/generic/pgf/math/pgfmathfunctions.trigonomet
ric.code.tex)
(/usr/share/texlive/texmf-dist/tex/generic/pgf/math/pgfmathfunctions.random.cod
e.tex)
(/usr/share/texlive/texmf-dist/tex/generic/pgf/math/pgfmathfunctions.comparison
.code.tex)
(/usr/share/texlive/texmf-dist/tex/generic/pgf/math/pgfmathfunctions.base.code.
tex)
(/usr/share/texlive/texmf-dist/tex/generic/pgf/math/pgfmathfunctions.round.code
.tex)
(/usr/share/texlive/texmf-dist/tex/generic/pgf/math/pgfmathfunctions.misc.code.
tex)
(/usr/share/texlive/texmf-dist/tex/generic/pgf/math/pgfmathfunctions.integerari
thmetics.code.tex)))
(/usr/share/texlive/texmf-dist/tex/generic/pgf/math/pgfmathfloat.code.tex
\c@pgfmathroundto@lastzeros=\count93
)))
(/usr/share/texlive/texmf-dist/tex/generic/pgf/utilities/pgffor.code.tex
Package: pgffor 2013/12/13 v3.0.1a (rcs-revision 1.25)

(/usr/share/texlive/texmf-dist/tex/generic/pgf/math/pgfmath.code.tex)
\pgffor@iter=\dimen116
\pgffor@skip=\dimen117
\pgffor@stack=\toks22
\pgffor@toks=\toks23
))
(/usr/share/texlive/texmf-dist/tex/latex/listings/listings.sty
\lst@mode=\count94
\lst@gtempboxa=\box28
\lst@token=\toks24
\lst@length=\count95
\lst@currlwidth=\dimen118
\lst@column=\count96
\lst@pos=\count97
\lst@lostspace=\dimen119
\lst@width=\dimen120
\lst@newlines=\count98
\lst@lineno=\count99
\lst@maxwidth=\dimen121

(/usr/share/texlive/texmf-dist/tex/latex/listings/lstmisc.sty
File: lstmisc.sty 2015/06/04 1.6 (Carsten Heinz)
\c@lstnumber=\count100
\lst@skipnumbers=\count101
\lst@framebox=\box29
)
(/usr/share/texlive/texmf-dist/tex/latex/listings/listings.cfg
File: listings.cfg 2015/06/04 1.6 listings configuration
))
Package: listings 2015/06/04 1.6 (Carsten Heinz)

(/usr/share/texlive/texmf-dist/tex/latex/graphics/color.sty
Package: color 2016/01/03 v1.1b Standard LaTeX Color (DPC)

(/usr/share/texlive/texmf-dist/tex/latex/latexconfig/color.cfg
File: color.cfg 2007/01/18 v1.5 color configuration of teTeX/TeXLive
)
Package color Info: Driver file: pdftex.def on input line 143.
)
(/usr/share/texlive/texmf-dist/tex/latex/datatool/datatool.sty
Package: datatool 2016/01/18 v2.25 (NLCT)

(/usr/share/texlive/texmf-dist/tex/latex/xkeyval/xkeyval.sty
Package: xkeyval 2014/12/03 v2.7a package option processing (HA)

(/usr/share/texlive/texmf-dist/tex/generic/xkeyval/xkeyval.tex
(/usr/share/texlive/texmf-dist/tex/generic/xkeyval/xkvutils.tex
\XKV@toks=\toks25
\XKV@tempa@toks=\toks26
)
\XKV@depth=\count102
File: xkeyval.tex 2014/12/03 v2.7a key=value parser (HA)
))
(/usr/share/texlive/texmf-dist/tex/latex/base/ifthen.sty
Package: ifthen 2014/09/29 v1.1c Standard LaTeX ifthen package (DPC)
)
(/usr/share/texlive/texmf-dist/tex/latex/xfor/xfor.sty
Package: xfor 2009/02/05 v1.05 (NLCT)
)
(/usr/share/texlive/texmf-dist/tex/latex/substr/substr.sty
Package: substr 2009/10/20 v1.2 Handle substrings
\c@su@anzahl=\count103
)
(/usr/share/texlive/texmf-dist/tex/latex/etoolbox/etoolbox.sty
Package: etoolbox 2015/08/02 v2.2a e-TeX tools for LaTeX (JAW)
\etb@tempcnta=\count104
)
(/usr/share/texlive/texmf-dist/tex/latex/datatool/datatool-base.sty
Package: datatool-base 2016/01/18 v2.25 (NLCT)

(/usr/share/texlive/texmf-dist/tex/latex/amsmath/amsmath.sty
Package: amsmath 2016/03/03 v2.15a AMS math features
\@mathmargin=\skip43

For additional information on amsmath, use the `?' option.
(/usr/share/texlive/texmf-dist/tex/latex/amsmath/amstext.sty
Package: amstext 2000/06/29 v2.01 AMS text

(/usr/share/texlive/texmf-dist/tex/latex/amsmath/amsgen.sty
File: amsgen.sty 1999/11/30 v2.0 generic functions
\@emptytoks=\toks27
\ex@=\dimen122
))
(/usr/share/texlive/texmf-dist/tex/latex/amsmath/amsbsy.sty
Package: amsbsy 1999/11/29 v1.2d Bold Symbols
\pmbraise@=\dimen123
)
(/usr/share/texlive/texmf-dist/tex/latex/amsmath/amsopn.sty
Package: amsopn 1999/12/14 v2.01 operator names
)
\inf@bad=\count105
LaTeX Info: Redefining \frac on input line 199.
\uproot@=\count106
\leftroot@=\count107
LaTeX Info: Redefining \overline on input line 297.
\classnum@=\count108
\DOTSCASE@=\count109
LaTeX Info: Redefining \ldots on input line 394.
LaTeX Info: Redefining \dots on input line 397.
LaTeX Info: Redefining \cdots on input line 518.
\Mathstrutbox@=\box30
\strutbox@=\box31
\big@size=\dimen124
LaTeX Font Info:    Redeclaring font encoding OML on input line 630.
LaTeX Font Info:    Redeclaring font encoding OMS on input line 631.
\macc@depth=\count110
\c@MaxMatrixCols=\count111
\dotsspace@=\muskip10
\c@parentequation=\count112
\dspbrk@lvl=\count113
\tag@help=\toks28
\row@=\count114
\column@=\count115
\maxfields@=\count116
\andhelp@=\toks29
\eqnshift@=\dimen125
\alignsep@=\dimen126
\tagshift@=\dimen127
\tagwidth@=\dimen128
\totwidth@=\dimen129
\lineht@=\dimen130
\@envbody=\toks30
\multlinegap=\skip44
\multlinetaggap=\skip45
\mathdisplay@stack=\toks31
LaTeX Info: Redefining \[ on input line 2735.
LaTeX Info: Redefining \] on input line 2736.
)
(/usr/share/texlive/texmf-dist/tex/latex/datatool/datatool-fp.sty
Package: datatool-fp 2016/01/18 v2.25 (NLCT)

(/usr/share/texlive/texmf-dist/tex/latex/fp/fp.sty
Package: fp 1995/04/02

`Fixed Point Package', Version 0.8, April 2, 1995 (C) Michael Mehlich
(/usr/share/texlive/texmf-dist/tex/latex/fp/defpattern.sty
Package: defpattern 1994/10/12
\actioncount=\count117
)
(/usr/share/texlive/texmf-dist/tex/latex/fp/fp-basic.sty
Package: fp-basic 1996/05/13
\FP@xs=\count118
\FP@xia=\count119
\FP@xib=\count120
\FP@xfa=\count121
\FP@xfb=\count122
\FP@rega=\count123
\FP@regb=\count124
\FP@regs=\count125
\FP@times=\count126
)
(/usr/share/texlive/texmf-dist/tex/latex/fp/fp-addons.sty
Package: fp-addons 1995/03/15
)
(/usr/share/texlive/texmf-dist/tex/latex/fp/fp-snap.sty
Package: fp-snap 1995/04/05
)
(/usr/share/texlive/texmf-dist/tex/latex/fp/fp-exp.sty
Package: fp-exp 1995/04/03
)
(/usr/share/texlive/texmf-dist/tex/latex/fp/fp-trigo.sty
Package: fp-trigo 1995/04/14
)
(/usr/share/texlive/texmf-dist/tex/latex/fp/fp-pas.sty
Package: fp-pas 1994/08/29
)
(/usr/share/texlive/texmf-dist/tex/latex/fp/fp-random.sty
Package: fp-random 1995/02/23
\FPseed=\count127
)
(/usr/share/texlive/texmf-dist/tex/latex/fp/fp-eqn.sty
Package: fp-eqn 1995/04/03
)
(/usr/share/texlive/texmf-dist/tex/latex/fp/fp-upn.sty
Package: fp-upn 1996/10/21
)
(/usr/share/texlive/texmf-dist/tex/latex/fp/fp-eval.sty
Package: fp-eval 1995/04/03
)))
\@dtl@toks=\toks32
\@dtl@tmpcount=\count128
\dtl@tmplength=\skip46
\dtl@sortresult=\count129
\@dtl@numgrpsepcount=\count130
\@dtl@datatype=\count131
\dtl@codeA=\count132
\dtl@codeB=\count133
\@dtl@foreach@level=\count134
)
\dtlcolumnnum=\count135
\dtlrownum=\count136
\@dtl@before=\toks33
\@dtl@after=\toks34
\@dtl@colhead=\toks35
\dtlcurrentrow=\toks36
\dtlbeforerow=\toks37
\dtlafterrow=\toks38
\dtlforeachlevel=\count137
\c@DTLrowi=\count138
\c@DTLrowii=\count139
\c@DTLrowiii=\count140
\c@DTLrow=\count141
\dtl@rowi=\count142
\dtl@rowii=\count143
\dtl@rowiii=\count144
\@dtl@curi=\toks39
\@dtl@previ=\toks40
\@dtl@nexti=\toks41
\@dtl@curii=\toks42
\@dtl@previi=\toks43
\@dtl@nextii=\toks44
\@dtl@curiii=\toks45
\@dtl@previii=\toks46
\@dtl@nextiii=\toks47
\@dtl@elements=\count145
\@dtl@list=\toks48
\@dtl@rowa=\toks49
\@dtl@rowb=\toks50
\@dtl@toksA=\toks51
\@dtl@toksB=\toks52
\@dtl@write=\write3
\@dtl@read=\read1
\dtl@entrycr=\count146
\dtl@omitlines=\count147
)
(/usr/share/texlive/texmf-dist/tex/latex/listings/lstlang1.sty
File: lstlang1.sty 2015/06/04 1.6 listings language file
)
(/usr/share/texlive/texmf-dist/tex/latex/fancyhdr/fancyhdr.sty
\fancy@headwidth=\skip47
\f@ncyO@elh=\skip48
\f@ncyO@erh=\skip49
\f@ncyO@olh=\skip50
\f@ncyO@orh=\skip51
\f@ncyO@elf=\skip52
\f@ncyO@erf=\skip53
\f@ncyO@olf=\skip54
\f@ncyO@orf=\skip55
)
(/usr/share/texlive/texmf-dist/tex/latex/lastpage/lastpage.sty
Package: lastpage 2015/03/29 v1.2m Refers to last page's name (HMM; JPG)
)
(/usr/share/texlive/texmf-dist/tex/latex/geometry/geometry.sty
Package: geometry 2010/09/12 v5.6 Page Geometry

(/usr/share/texlive/texmf-dist/tex/generic/oberdiek/ifpdf.sty
Package: ifpdf 2011/01/30 v2.3 Provides the ifpdf switch (HO)
Package ifpdf Info: pdfTeX in PDF mode is detected.
)
(/usr/share/texlive/texmf-dist/tex/generic/oberdiek/ifvtex.sty
Package: ifvtex 2010/03/01 v1.5 Detect VTeX and its facilities (HO)
Package ifvtex Info: VTeX not detected.
)
(/usr/share/texlive/texmf-dist/tex/generic/ifxetex/ifxetex.sty
Package: ifxetex 2010/09/12 v0.6 Provides ifxetex conditional
)
\Gm@cnth=\count148
\Gm@cntv=\count149
\c@Gm@tempcnt=\count150
\Gm@bindingoffset=\dimen131
\Gm@wd@mp=\dimen132
\Gm@odd@mp=\dimen133
\Gm@even@mp=\dimen134
\Gm@layoutwidth=\dimen135
\Gm@layoutheight=\dimen136
\Gm@layouthoffset=\dimen137
\Gm@layoutvoffset=\dimen138
\Gm@dimlist=\toks53
)
(/usr/share/texlive/texmf-dist/tex/latex/csvsimple/csvsimple.sty
Package: csvsimple 2014/07/14 version 1.12 LaTeX CSV file processing
\csv@file=\read2
\c@csvinputline=\count151
\c@csvrow=\count152
\c@csvcol=\count153
\csv@out=\write4
)
(/usr/share/texlive/texmf-dist/tex/latex/float/float.sty
Package: float 2001/11/08 v1.3d Float enhancements (AL)
\c@float@type=\count154
\float@exts=\toks54
\float@box=\box32
\@float@everytoks=\toks55
\@floatcapt=\box33
) (./gia.aux
(./titlePage.aux) (./rawDataGraph.aux) (./graphsCommented.aux)
(./giaResultsMap.aux))
\openout1 = `gia.aux'.

LaTeX Font Info:    Checking defaults for OML/cmm/m/it on input line 69.
LaTeX Font Info:    ... okay on input line 69.
LaTeX Font Info:    Checking defaults for T1/cmr/m/n on input line 69.
LaTeX Font Info:    ... okay on input line 69.
LaTeX Font Info:    Checking defaults for OT1/cmr/m/n on input line 69.
LaTeX Font Info:    ... okay on input line 69.
LaTeX Font Info:    Checking defaults for OMS/cmsy/m/n on input line 69.
LaTeX Font Info:    ... okay on input line 69.
LaTeX Font Info:    Checking defaults for OMX/cmex/m/n on input line 69.
LaTeX Font Info:    ... okay on input line 69.
LaTeX Font Info:    Checking defaults for U/cmr/m/n on input line 69.
LaTeX Font Info:    ... okay on input line 69.

(/usr/share/texlive/texmf-dist/tex/context/base/supp-pdf.mkii
[Loading MPS to PDF converter (version 2006.09.02).]
\scratchcounter=\count155
\scratchdimen=\dimen139
\scratchbox=\box34
\nofMPsegments=\count156
\nofMParguments=\count157
\everyMPshowfont=\toks56
\MPscratchCnt=\count158
\MPscratchDim=\dimen140
\MPnumerator=\count159
\makeMPintoPDFobject=\count160
\everyMPtoPDFconversion=\toks57
) (/usr/share/texlive/texmf-dist/tex/generic/oberdiek/pdftexcmds.sty
Package: pdftexcmds 2011/11/29 v0.20 Utility functions of pdfTeX for LuaTeX (HO
)

(/usr/share/texlive/texmf-dist/tex/generic/oberdiek/ifluatex.sty
Package: ifluatex 2010/03/01 v1.3 Provides the ifluatex switch (HO)
Package ifluatex Info: LuaTeX not detected.
)
Package pdftexcmds Info: LuaTeX not detected.
Package pdftexcmds Info: \pdf@primitive is available.
Package pdftexcmds Info: \pdf@ifprimitive is available.
Package pdftexcmds Info: \pdfdraftmode found.
)
(/usr/share/texlive/texmf-dist/tex/latex/oberdiek/epstopdf-base.sty
Package: epstopdf-base 2010/02/09 v2.5 Base part for package epstopdf

(/usr/share/texlive/texmf-dist/tex/latex/oberdiek/grfext.sty
Package: grfext 2010/08/19 v1.1 Manage graphics extensions (HO)

(/usr/share/texlive/texmf-dist/tex/generic/oberdiek/kvdefinekeys.sty
Package: kvdefinekeys 2011/04/07 v1.3 Define keys (HO)
))
(/usr/share/texlive/texmf-dist/tex/latex/oberdiek/kvoptions.sty
Package: kvoptions 2011/06/30 v3.11 Key value format for package options (HO)

(/usr/share/texlive/texmf-dist/tex/generic/oberdiek/kvsetkeys.sty
Package: kvsetkeys 2012/04/25 v1.16 Key value parser (HO)

(/usr/share/texlive/texmf-dist/tex/generic/oberdiek/etexcmds.sty
Package: etexcmds 2011/02/16 v1.5 Avoid name clashes with e-TeX commands (HO)
Package etexcmds Info: Could not find \expanded.
(etexcmds)             That can mean that you are not using pdfTeX 1.50 or
(etexcmds)             that some package has redefined \expanded.
(etexcmds)             In the latter case, load this package earlier.
)))
Package grfext Info: Graphics extension search list:
(grfext)             [.png,.pdf,.jpg,.mps,.jpeg,.jbig2,.jb2,.PNG,.PDF,.JPG,.JPE
G,.JBIG2,.JB2,.eps]
(grfext)             \AppendGraphicsExtensions on input line 452.

(/usr/share/texlive/texmf-dist/tex/latex/latexconfig/epstopdf-sys.cfg
File: epstopdf-sys.cfg 2010/07/13 v1.3 Configuration of (r)epstopdf for TeX Liv
e
))
ABD: EveryShipout initializing macros
\c@lstlisting=\count161
Package lastpage Info: Please have a look at the pageslts package at
(lastpage)             https://www.ctan.org/pkg/pageslts
(lastpage)             ! on input line 69.

*geometry* driver: auto-detecting
*geometry* detected driver: pdftex
*geometry* verbose mode - [ preamble ] result:
* driver: pdftex
* paper: <default>
* layout: <same size as paper>
* layoutoffset:(h,v)=(0.0pt,0.0pt)
* modes: 
* h-part:(L,W,R)=(92.14519pt, 430.00462pt, 92.14519pt)
* v-part:(T,H,B)=(57.81621pt, 679.33757pt, 57.81621pt)
* \paperwidth=614.295pt
* \paperheight=794.96999pt
* \textwidth=430.00462pt
* \textheight=679.33757pt
* \oddsidemargin=19.8752pt
* \evensidemargin=19.8752pt
* \topmargin=-51.45378pt
* \headheight=12.0pt
* \headsep=25.0pt
* \topskip=10.0pt
* \footskip=30.0pt
* \marginparwidth=65.0pt
* \marginparsep=11.0pt
* \columnsep=10.0pt
* \skip\footins=9.0pt plus 4.0pt minus 2.0pt
* \hoffset=0.0pt
* \voffset=0.0pt
* \mag=1000
* \@twocolumnfalse
* \@twosidefalse
* \@mparswitchfalse
* \@reversemarginfalse
* (1in=72.27pt=25.4mm, 1cm=28.453pt)

\openout2 = `titlePage.aux'.

(./titlePage.tex [1


{/var/lib/texmf/fonts/map/pdftex/updmap/pdftex.map}])
(./gia.toc [2

])
\tf@toc=\write5
\openout5 = `gia.toc'.

 [3] (./abstract.tex
\dtldb@result=\toks58
\dtlkeys@result=\toks59
\dtlrows@result=\count162
\dtlcols@result=\count163

Underfull \hbox (badness 10000) in paragraph at lines 15--29

 []


Underfull \hbox (badness 10000) in paragraph at lines 30--41

 []

) [4] [5]
Underfull \hbox (badness 10000) in paragraph at lines 88--101

 []


Underfull \hbox (badness 10000) in paragraph at lines 102--118

 []

[6] (./previousWork.tex
Underfull \hbox (badness 10000) in paragraph at lines 2--29

 []


Underfull \hbox (badness 10000) in paragraph at lines 30--46

 []

[7] <jjGrid.png, id=31, 624.3325pt x 242.9075pt>
File: jjGrid.png Graphic file (type png)
 <use jjGrid.png>
Package pdftex.def Info: jjGrid.png used on input line 48.
(pdftex.def)             Requested size: 387.00153pt x 150.57143pt.
)
Underfull \hbox (badness 10000) in paragraph at lines 122--137

 []

[8 <./jjGrid.png>] [9]
\openout2 = `rawDataGraph.aux'.

 (./rawDataGraph.tex
<data/theDataRaw.png, id=40, 578.16pt x 433.62pt>
File: data/theDataRaw.png Graphic file (type png)
 <use data/theDataRaw.png>
Package pdftex.def Info: data/theDataRaw.png used on input line 2.
(pdftex.def)             Requested size: 473.0077pt x 354.75687pt.

Overfull \hbox (43.00308pt too wide) in paragraph at lines 2--3
[][] 
 []

) [10

 <./data/theDataRaw.png>]
<johnstonLaurentianMapWithSites.png, id=45, 839.135pt x 616.3025pt>
File: johnstonLaurentianMapWithSites.png Graphic file (type png)

<use johnstonLaurentianMapWithSites.png>
Package pdftex.def Info: johnstonLaurentianMapWithSites.png used on input line 
148.
(pdftex.def)             Requested size: 344.005pt x 252.64804pt.
 [11

 <./johnstonLaurentianMapWithSites.png>] (./rawDataWithModelGraph.tex
<data/theData.png, id=50, 578.16pt x 433.62pt>
File: data/theData.png Graphic file (type png)
 <use data/theData.png>
Package pdftex.def Info: data/theData.png used on input line 2.
(pdftex.def)             Requested size: 473.0077pt x 354.75687pt.

Overfull \hbox (43.00308pt too wide) in paragraph at lines 2--3
[][] 
 []

[12] [13 <./data/theData.png>])
<data/theDataZoomed.png, id=59, 578.16pt x 433.62pt>
File: data/theDataZoomed.png Graphic file (type png)

<use data/theDataZoomed.png>
Package pdftex.def Info: data/theDataZoomed.png used on input line 227.
(pdftex.def)             Requested size: 473.0077pt x 354.75687pt.

Overfull \hbox (43.00308pt too wide) in paragraph at lines 227--229
[][] 
 []


LaTeX Warning: `h' float specifier changed to `ht'.

[14] [15 <./data/theDataZoomed.png>] [16] [17]
\openout2 = `graphsCommented.aux'.

 (./graphsCommented.tex
<data/ATB-BATB_DataAndModel.png, id=73, 578.16pt x 433.62pt>
File: data/ATB-BATB_DataAndModel.png Graphic file (type png)

<use data/ATB-BATB_DataAndModel.png>
Package pdftex.def Info: data/ATB-BATB_DataAndModel.png used on input line 26.
(pdftex.def)             Requested size: 442.29314pt x 331.71822pt.
 [18

]
Underfull \hbox (badness 10000) in paragraph at lines 30--49

 []

[19 <./data/ATB-BATB_DataAndModel.png>]
Overfull \hbox (21.2185pt too wide) in paragraph at lines 53--54
[]  
 []

[20]
<data/bothNonZero/withinSeventyFivePercent/gias/theGIA_ATB_relative_to_BATB.png
, id=85, 867.24pt x 578.16pt>
File: data/bothNonZero/withinSeventyFivePercent/gias/theGIA_ATB_relative_to_BAT
B.png Graphic file (type png)

<use data/bothNonZero/withinSeventyFivePercent/gias/theGIA_ATB_relative_to_BATB
.png>
Package pdftex.def Info: data/bothNonZero/withinSeventyFivePercent/gias/theGIA_
ATB_relative_to_BATB.png used on input line 62.
(pdftex.def)             Requested size: 559.00731pt x 372.68538pt.

<data/bothNonZero/withinSeventyFivePercent/gias/theGIA_BATB_relative_to_ATB.png
, id=86, 867.24pt x 578.16pt>
File: data/bothNonZero/withinSeventyFivePercent/gias/theGIA_BATB_relative_to_AT
B.png Graphic file (type png)

<use data/bothNonZero/withinSeventyFivePercent/gias/theGIA_BATB_relative_to_ATB
.png>
Package pdftex.def Info: data/bothNonZero/withinSeventyFivePercent/gias/theGIA_
BATB_relative_to_ATB.png used on input line 71.
(pdftex.def)             Requested size: 559.00731pt x 372.68538pt.
 [21 <./data/bothNonZero/withinSeventyFivePercent/gias/theGIA_ATB_relative_to_B
ATB.png>] [22 <./data/bothNonZero/withinSeventyFivePercent/gias/theGIA_BATB_rel
ative_to_ATB.png>]
<data/TAHB-BATB_DataAndModel.png, id=95, 578.16pt x 433.62pt>
File: data/TAHB-BATB_DataAndModel.png Graphic file (type png)

<use data/TAHB-BATB_DataAndModel.png>
Package pdftex.def Info: data/TAHB-BATB_DataAndModel.png used on input line 95.

(pdftex.def)             Requested size: 442.29314pt x 331.71822pt.

Underfull \hbox (badness 10000) in paragraph at lines 100--111

 []


Overfull \hbox (28.71852pt too wide) in paragraph at lines 115--116
[]  
 []

[23 <./data/TAHB-BATB_DataAndModel.png>] [24]
<data/bothNonZero/withinSeventyFivePercent/gias/theGIA_TAHB_relative_to_BATB.pn
g, id=103, 867.24pt x 578.16pt>
File: data/bothNonZero/withinSeventyFivePercent/gias/theGIA_TAHB_relative_to_BA
TB.png Graphic file (type png)

<use data/bothNonZero/withinSeventyFivePercent/gias/theGIA_TAHB_relative_to_BAT
B.png>
Package pdftex.def Info: data/bothNonZero/withinSeventyFivePercent/gias/theGIA_
TAHB_relative_to_BATB.png used on input line 125.
(pdftex.def)             Requested size: 559.00731pt x 372.68538pt.
 [25 <./data/bothNonZero/withinSeventyFivePercent/gias/theGIA_TAHB_relative_to_
BATB.png>]
<data/bothNonZero/withinSeventyFivePercent/gias/theGIA_BATB_relative_to_TAHB.pn
g, id=109, 867.24pt x 578.16pt>
File: data/bothNonZero/withinSeventyFivePercent/gias/theGIA_BATB_relative_to_TA
HB.png Graphic file (type png)

<use data/bothNonZero/withinSeventyFivePercent/gias/theGIA_BATB_relative_to_TAH
B.png>
Package pdftex.def Info: data/bothNonZero/withinSeventyFivePercent/gias/theGIA_
BATB_relative_to_TAHB.png used on input line 135.
(pdftex.def)             Requested size: 559.00731pt x 372.68538pt.
 [26 <./data/bothNonZero/withinSeventyFivePercent/gias/theGIA_BATB_relative_to_
TAHB.png>] <data/TAHB-ATB_DataAndModel.png, id=114, 578.16pt x 433.62pt>
File: data/TAHB-ATB_DataAndModel.png Graphic file (type png)

<use data/TAHB-ATB_DataAndModel.png>
Package pdftex.def Info: data/TAHB-ATB_DataAndModel.png used on input line 151.

(pdftex.def)             Requested size: 442.29314pt x 331.71822pt.

Underfull \hbox (badness 10000) in paragraph at lines 156--167

 []


Overfull \hbox (21.63516pt too wide) in paragraph at lines 171--172
[]  
 []

[27 <./data/TAHB-ATB_DataAndModel.png>] [28]
<data/bothNonZero/withinSeventyFivePercent/gias/theGIA_TAHB_relative_to_ATB.png
, id=124, 867.24pt x 578.16pt>
File: data/bothNonZero/withinSeventyFivePercent/gias/theGIA_TAHB_relative_to_AT
B.png Graphic file (type png)

<use data/bothNonZero/withinSeventyFivePercent/gias/theGIA_TAHB_relative_to_ATB
.png>
Package pdftex.def Info: data/bothNonZero/withinSeventyFivePercent/gias/theGIA_
TAHB_relative_to_ATB.png used on input line 181.
(pdftex.def)             Requested size: 559.00731pt x 372.68538pt.
 [29 <./data/bothNonZero/withinSeventyFivePercent/gias/theGIA_TAHB_relative_to_
ATB.png>]
<data/bothNonZero/withinSeventyFivePercent/gias/theGIA_ATB_relative_to_TAHB.png
, id=129, 867.24pt x 578.16pt>
File: data/bothNonZero/withinSeventyFivePercent/gias/theGIA_ATB_relative_to_TAH
B.png Graphic file (type png)

<use data/bothNonZero/withinSeventyFivePercent/gias/theGIA_ATB_relative_to_TAHB
.png>
Package pdftex.def Info: data/bothNonZero/withinSeventyFivePercent/gias/theGIA_
ATB_relative_to_TAHB.png used on input line 191.
(pdftex.def)             Requested size: 559.00731pt x 372.68538pt.
 [30 <./data/bothNonZero/withinSeventyFivePercent/gias/theGIA_ATB_relative_to_T
AHB.png>] <data/GTB-BATB_DataAndModel.png, id=134, 578.16pt x 433.62pt>
File: data/GTB-BATB_DataAndModel.png Graphic file (type png)

<use data/GTB-BATB_DataAndModel.png>
Package pdftex.def Info: data/GTB-BATB_DataAndModel.png used on input line 205.

(pdftex.def)             Requested size: 442.29314pt x 331.71822pt.

Underfull \hbox (badness 10000) in paragraph at lines 209--226

 []

[31 <./data/GTB-BATB_DataAndModel.png>]
Overfull \hbox (17.39905pt too wide) in paragraph at lines 230--231
[]  
 []

[32]
<data/bothNonZero/withinSeventyFivePercent/gias/theGIA_GTB_relative_to_BATB.png
, id=143, 867.24pt x 578.16pt>
File: data/bothNonZero/withinSeventyFivePercent/gias/theGIA_GTB_relative_to_BAT
B.png Graphic file (type png)

<use data/bothNonZero/withinSeventyFivePercent/gias/theGIA_GTB_relative_to_BATB
.png>
Package pdftex.def Info: data/bothNonZero/withinSeventyFivePercent/gias/theGIA_
GTB_relative_to_BATB.png used on input line 239.
(pdftex.def)             Requested size: 559.00731pt x 372.68538pt.
 [33 <./data/bothNonZero/withinSeventyFivePercent/gias/theGIA_GTB_relative_to_B
ATB.png>]
<data/bothNonZero/withinSeventyFivePercent/gias/theGIA_BATB_relative_to_GTB.png
, id=148, 867.24pt x 578.16pt>
File: data/bothNonZero/withinSeventyFivePercent/gias/theGIA_BATB_relative_to_GT
B.png Graphic file (type png)

<use data/bothNonZero/withinSeventyFivePercent/gias/theGIA_BATB_relative_to_GTB
.png>
Package pdftex.def Info: data/bothNonZero/withinSeventyFivePercent/gias/theGIA_
BATB_relative_to_GTB.png used on input line 249.
(pdftex.def)             Requested size: 559.00731pt x 372.68538pt.
 [34 <./data/bothNonZero/withinSeventyFivePercent/gias/theGIA_BATB_relative_to_
GTB.png>] <data/GTB-ATB_DataAndModel.png, id=153, 578.16pt x 433.62pt>
File: data/GTB-ATB_DataAndModel.png Graphic file (type png)

<use data/GTB-ATB_DataAndModel.png>
Package pdftex.def Info: data/GTB-ATB_DataAndModel.png used on input line 266.
(pdftex.def)             Requested size: 442.29314pt x 331.71822pt.

Underfull \hbox (badness 10000) in paragraph at lines 271--285

 []

[35 <./data/GTB-ATB_DataAndModel.png>]
Overfull \hbox (10.31569pt too wide) in paragraph at lines 288--289
[]  
 []

[36]
<data/bothNonZero/withinSeventyFivePercent/gias/theGIA_GTB_relative_to_ATB.png,
 id=161, 867.24pt x 578.16pt>
File: data/bothNonZero/withinSeventyFivePercent/gias/theGIA_GTB_relative_to_ATB
.png Graphic file (type png)

<use data/bothNonZero/withinSeventyFivePercent/gias/theGIA_GTB_relative_to_ATB.
png>
Package pdftex.def Info: data/bothNonZero/withinSeventyFivePercent/gias/theGIA_
GTB_relative_to_ATB.png used on input line 297.
(pdftex.def)             Requested size: 559.00731pt x 372.68538pt.
 [37 <./data/bothNonZero/withinSeventyFivePercent/gias/theGIA_GTB_relative_to_A
TB.png>]
<data/bothNonZero/withinSeventyFivePercent/gias/theGIA_ATB_relative_to_GTB.png,
 id=167, 867.24pt x 578.16pt>
File: data/bothNonZero/withinSeventyFivePercent/gias/theGIA_ATB_relative_to_GTB
.png Graphic file (type png)

<use data/bothNonZero/withinSeventyFivePercent/gias/theGIA_ATB_relative_to_GTB.
png>
Package pdftex.def Info: data/bothNonZero/withinSeventyFivePercent/gias/theGIA_
ATB_relative_to_GTB.png used on input line 307.
(pdftex.def)             Requested size: 559.00731pt x 372.68538pt.
 [38 <./data/bothNonZero/withinSeventyFivePercent/gias/theGIA_ATB_relative_to_G
TB.png>] <data/GTB-TAHB_DataAndModel.png, id=172, 578.16pt x 433.62pt>
File: data/GTB-TAHB_DataAndModel.png Graphic file (type png)

<use data/GTB-TAHB_DataAndModel.png>
Package pdftex.def Info: data/GTB-TAHB_DataAndModel.png used on input line 325.

(pdftex.def)             Requested size: 442.29314pt x 331.71822pt.

Underfull \hbox (badness 10000) in paragraph at lines 335--342

 []

[39 <./data/GTB-TAHB_DataAndModel.png>]
Overfull \hbox (14.48238pt too wide) in paragraph at lines 345--346
[]  
 []

[40]
<data/bothNonZero/withinSeventyFivePercent/gias/theGIA_GTB_relative_to_TAHB.png
, id=180, 867.24pt x 578.16pt>
File: data/bothNonZero/withinSeventyFivePercent/gias/theGIA_GTB_relative_to_TAH
B.png Graphic file (type png)

<use data/bothNonZero/withinSeventyFivePercent/gias/theGIA_GTB_relative_to_TAHB
.png>
Package pdftex.def Info: data/bothNonZero/withinSeventyFivePercent/gias/theGIA_
GTB_relative_to_TAHB.png used on input line 354.
(pdftex.def)             Requested size: 559.00731pt x 372.68538pt.
 [41 <./data/bothNonZero/withinSeventyFivePercent/gias/theGIA_GTB_relative_to_T
AHB.png>]
<data/bothNonZero/withinSeventyFivePercent/gias/theGIA_TAHB_relative_to_GTB.png
, id=185, 867.24pt x 578.16pt>
File: data/bothNonZero/withinSeventyFivePercent/gias/theGIA_TAHB_relative_to_GT
B.png Graphic file (type png)

<use data/bothNonZero/withinSeventyFivePercent/gias/theGIA_TAHB_relative_to_GTB
.png>
Package pdftex.def Info: data/bothNonZero/withinSeventyFivePercent/gias/theGIA_
TAHB_relative_to_GTB.png used on input line 364.
(pdftex.def)             Requested size: 559.00731pt x 372.68538pt.
 [42 <./data/bothNonZero/withinSeventyFivePercent/gias/theGIA_TAHB_relative_to_
GTB.png>]
<data/bothNonZero/withinSeventyFivePercent/gias/intervals.png, id=190, 600.5637
pt x 427.8384pt>
File: data/bothNonZero/withinSeventyFivePercent/gias/intervals.png Graphic file
 (type png)

<use data/bothNonZero/withinSeventyFivePercent/gias/intervals.png>
Package pdftex.def Info: data/bothNonZero/withinSeventyFivePercent/gias/interva
ls.png used on input line 375.
(pdftex.def)             Requested size: 368.58073pt x 262.58699pt.
 [43 <./data/bothNonZero/withinSeventyFivePercent/gias/intervals.png>])
\openout2 = `giaResultsMap.aux'.

 (./giaResultsMap.tex <johnstonLaurentianMapWithMyGIARates.png, id=196, 813.037
5pt x 379.4175pt>
File: johnstonLaurentianMapWithMyGIARates.png Graphic file (type png)

<use johnstonLaurentianMapWithMyGIARates.png>
Package pdftex.def Info: johnstonLaurentianMapWithMyGIARates.png used on input 
line 7.
(pdftex.def)             Requested size: 442.29314pt x 206.39922pt.
 [44


 <./johnstonLaurentianMapWithMyGIARates.png>] <mainvilleGias.png, id=201, 986.6
8625pt x 605.26125pt>
File: mainvilleGias.png Graphic file (type png)

<use mainvilleGias.png>
Package pdftex.def Info: mainvilleGias.png used on input line 13.
(pdftex.def)             Requested size: 442.29314pt x 271.32141pt.

<johnstonLaurentianMapWithCraymerGIARates.png, id=202, 702.625pt x 279.0425pt>
File: johnstonLaurentianMapWithCraymerGIARates.png Graphic file (type png)

<use johnstonLaurentianMapWithCraymerGIARates.png>
Package pdftex.def Info: johnstonLaurentianMapWithCraymerGIARates.png used on i
nput line 23.
(pdftex.def)             Requested size: 442.29314pt x 175.65718pt.


LaTeX Warning: `h' float specifier changed to `ht'.

[45 <./mainvilleGias.png>]) [46 <./johnstonLaurentianMapWithCraymerGIARates.png
>]
Underfull \hbox (badness 10000) in paragraph at lines 283--288

 []

[47

] (./data/giaModel.py [48] [49] [50] [51] [52] [53] [54] [55] [56] [57]
[58] [59] [60] [61] [62] [63] [64] [65] [66] [67] [68]) [69]
(./data/giaUtils.py [70] [71]) [72] (./data/rawhide/bootstrapper.py [73])
[74] (./data/rawData.py [75]) [76] (./data/dataModel.py [77]) [78]
(./data/linearInterpolationModel.py [79] [80] [81] [82]) [83]

AED: lastpage setting LastPage
(./gia.aux (./titlePage.aux) (./rawDataGraph.aux) (./graphsCommented.aux)
(./giaResultsMap.aux)) ) 
Here is how much of TeX's memory you used:
 12479 strings out of 493029
 216954 string characters out of 6136234
 409225 words of memory out of 5000000
 15711 multiletter control sequences out of 15000+600000
 7025 words of font info for 26 fonts, out of 8000000 for 9000
 1141 hyphenation exceptions out of 8191
 46i,12n,72p,801b,1879s stack positions out of 5000i,500n,10000p,200000b,80000s
</usr/share/texlive/texmf-dist/fonts/type1/public/amsfo
nts/cm/cmbx10.pfb></usr/share/texlive/texmf-dist/fonts/type1/public/amsfonts/cm
/cmbx12.pfb></usr/share/texlive/texmf-dist/fonts/type1/public/amsfonts/cm/cmmi1
0.pfb></usr/share/texlive/texmf-dist/fonts/type1/public/amsfonts/cm/cmr10.pfb><
/usr/share/texlive/texmf-dist/fonts/type1/public/amsfonts/cm/cmr12.pfb></usr/sh
are/texlive/texmf-dist/fonts/type1/public/amsfonts/cm/cmr7.pfb></usr/share/texl
ive/texmf-dist/fonts/type1/public/amsfonts/cm/cmss10.pfb></usr/share/texlive/te
xmf-dist/fonts/type1/public/amsfonts/cm/cmssbx10.pfb></usr/share/texlive/texmf-
dist/fonts/type1/public/amsfonts/cm/cmti12.pfb></usr/share/texlive/texmf-dist/f
onts/type1/public/amsfonts/cm/cmtt8.pfb>
Output written on gia.pdf (83 pages, 4279041 bytes).
PDF statistics:
 368 PDF objects out of 1000 (max. 8388607)
 216 compressed objects within 3 object streams
 0 named destinations out of 1000 (max. 500000)
 136 words of extra memory for PDF output out of 10000 (max. 10000000)

