This is pdfTeX, Version 3.14159265-2.6-1.40.16 (TeX Live 2015/Debian) (preloaded format=pdflatex 2017.8.30)  16 APR 2018 14:06
entering extended mode
 restricted \write18 enabled.
 %&-line parsing enabled.
**giaPres.tex
(./giaPres.tex
LaTeX2e <2016/02/01>
Babel <3.9q> and hyphenation patterns for 3 language(s) loaded.
(/usr/share/texlive/texmf-dist/tex/latex/base/article.cls
Document Class: article 2014/09/29 v1.4h Standard LaTeX document class
(/usr/share/texlive/texmf-dist/tex/latex/base/size10.clo
File: size10.clo 2014/09/29 v1.4h Standard LaTeX file (size option)
)
\c@part=\count79
\c@section=\count80
\c@subsection=\count81
\c@subsubsection=\count82
\c@paragraph=\count83
\c@subparagraph=\count84
\c@figure=\count85
\c@table=\count86
\abovecaptionskip=\skip41
\belowcaptionskip=\skip42
\bibindent=\dimen102
)
(/usr/share/texlive/texmf-dist/tex/latex/graphics/graphicx.sty
Package: graphicx 2014/10/28 v1.0g Enhanced LaTeX Graphics (DPC,SPQR)

(/usr/share/texlive/texmf-dist/tex/latex/graphics/keyval.sty
Package: keyval 2014/10/28 v1.15 key=value parser (DPC)
\KV@toks@=\toks14
)
(/usr/share/texlive/texmf-dist/tex/latex/graphics/graphics.sty
Package: graphics 2016/01/03 v1.0q Standard LaTeX Graphics (DPC,SPQR)

(/usr/share/texlive/texmf-dist/tex/latex/graphics/trig.sty
Package: trig 2016/01/03 v1.10 sin cos tan (DPC)
)
(/usr/share/texlive/texmf-dist/tex/latex/latexconfig/graphics.cfg
File: graphics.cfg 2010/04/23 v1.9 graphics configuration of TeX Live
)
Package graphics Info: Driver file: pdftex.def on input line 95.

(/usr/share/texlive/texmf-dist/tex/latex/pdftex-def/pdftex.def
File: pdftex.def 2011/05/27 v0.06d Graphics/color for pdfTeX

(/usr/share/texlive/texmf-dist/tex/generic/oberdiek/infwarerr.sty
Package: infwarerr 2010/04/08 v1.3 Providing info/warning/error messages (HO)
)
(/usr/share/texlive/texmf-dist/tex/generic/oberdiek/ltxcmds.sty
Package: ltxcmds 2011/11/09 v1.22 LaTeX kernel commands for general use (HO)
)
\Gread@gobject=\count87
))
\Gin@req@height=\dimen103
\Gin@req@width=\dimen104
)
(/usr/share/texlive/texmf-dist/tex/latex/geometry/geometry.sty
Package: geometry 2010/09/12 v5.6 Page Geometry

(/usr/share/texlive/texmf-dist/tex/generic/oberdiek/ifpdf.sty
Package: ifpdf 2011/01/30 v2.3 Provides the ifpdf switch (HO)
Package ifpdf Info: pdfTeX in PDF mode is detected.
)
(/usr/share/texlive/texmf-dist/tex/generic/oberdiek/ifvtex.sty
Package: ifvtex 2010/03/01 v1.5 Detect VTeX and its facilities (HO)
Package ifvtex Info: VTeX not detected.
)
(/usr/share/texlive/texmf-dist/tex/generic/ifxetex/ifxetex.sty
Package: ifxetex 2010/09/12 v0.6 Provides ifxetex conditional
)
\Gm@cnth=\count88
\Gm@cntv=\count89
\c@Gm@tempcnt=\count90
\Gm@bindingoffset=\dimen105
\Gm@wd@mp=\dimen106
\Gm@odd@mp=\dimen107
\Gm@even@mp=\dimen108
\Gm@layoutwidth=\dimen109
\Gm@layoutheight=\dimen110
\Gm@layouthoffset=\dimen111
\Gm@layoutvoffset=\dimen112
\Gm@dimlist=\toks15
) (./giaPres.aux (./titlePage.aux) (./rawDataGraph.aux) (./rawDataWithModelGrap
h.aux)
(./graphs.aux))
\openout1 = `giaPres.aux'.

LaTeX Font Info:    Checking defaults for OML/cmm/m/it on input line 14.
LaTeX Font Info:    ... okay on input line 14.
LaTeX Font Info:    Checking defaults for T1/cmr/m/n on input line 14.
LaTeX Font Info:    ... okay on input line 14.
LaTeX Font Info:    Checking defaults for OT1/cmr/m/n on input line 14.
LaTeX Font Info:    ... okay on input line 14.
LaTeX Font Info:    Checking defaults for OMS/cmsy/m/n on input line 14.
LaTeX Font Info:    ... okay on input line 14.
LaTeX Font Info:    Checking defaults for OMX/cmex/m/n on input line 14.
LaTeX Font Info:    ... okay on input line 14.
LaTeX Font Info:    Checking defaults for U/cmr/m/n on input line 14.
LaTeX Font Info:    ... okay on input line 14.
 (/usr/share/texlive/texmf-dist/tex/context/base/supp-pdf.mkii
[Loading MPS to PDF converter (version 2006.09.02).]
\scratchcounter=\count91
\scratchdimen=\dimen113
\scratchbox=\box26
\nofMPsegments=\count92
\nofMParguments=\count93
\everyMPshowfont=\toks16
\MPscratchCnt=\count94
\MPscratchDim=\dimen114
\MPnumerator=\count95
\makeMPintoPDFobject=\count96
\everyMPtoPDFconversion=\toks17
) (/usr/share/texlive/texmf-dist/tex/generic/oberdiek/pdftexcmds.sty
Package: pdftexcmds 2011/11/29 v0.20 Utility functions of pdfTeX for LuaTeX (HO
)

(/usr/share/texlive/texmf-dist/tex/generic/oberdiek/ifluatex.sty
Package: ifluatex 2010/03/01 v1.3 Provides the ifluatex switch (HO)
Package ifluatex Info: LuaTeX not detected.
)
Package pdftexcmds Info: LuaTeX not detected.
Package pdftexcmds Info: \pdf@primitive is available.
Package pdftexcmds Info: \pdf@ifprimitive is available.
Package pdftexcmds Info: \pdfdraftmode found.
)
(/usr/share/texlive/texmf-dist/tex/latex/oberdiek/epstopdf-base.sty
Package: epstopdf-base 2010/02/09 v2.5 Base part for package epstopdf

(/usr/share/texlive/texmf-dist/tex/latex/oberdiek/grfext.sty
Package: grfext 2010/08/19 v1.1 Manage graphics extensions (HO)

(/usr/share/texlive/texmf-dist/tex/generic/oberdiek/kvdefinekeys.sty
Package: kvdefinekeys 2011/04/07 v1.3 Define keys (HO)
))
(/usr/share/texlive/texmf-dist/tex/latex/oberdiek/kvoptions.sty
Package: kvoptions 2011/06/30 v3.11 Key value format for package options (HO)

(/usr/share/texlive/texmf-dist/tex/generic/oberdiek/kvsetkeys.sty
Package: kvsetkeys 2012/04/25 v1.16 Key value parser (HO)

(/usr/share/texlive/texmf-dist/tex/generic/oberdiek/etexcmds.sty
Package: etexcmds 2011/02/16 v1.5 Avoid name clashes with e-TeX commands (HO)
Package etexcmds Info: Could not find \expanded.
(etexcmds)             That can mean that you are not using pdfTeX 1.50 or
(etexcmds)             that some package has redefined \expanded.
(etexcmds)             In the latter case, load this package earlier.
)))
Package grfext Info: Graphics extension search list:
(grfext)             [.png,.pdf,.jpg,.mps,.jpeg,.jbig2,.jb2,.PNG,.PDF,.JPG,.JPE
G,.JBIG2,.JB2,.eps]
(grfext)             \AppendGraphicsExtensions on input line 452.

(/usr/share/texlive/texmf-dist/tex/latex/latexconfig/epstopdf-sys.cfg
File: epstopdf-sys.cfg 2010/07/13 v1.3 Configuration of (r)epstopdf for TeX Liv
e
))
*geometry* driver: auto-detecting
*geometry* detected driver: pdftex
*geometry* verbose mode - [ preamble ] result:
* driver: pdftex
* paper: custom
* layout: <same size as paper>
* layoutoffset:(h,v)=(0.0pt,0.0pt)
* modes: 
* h-part:(L,W,R)=(28.45274pt, 307.28987pt, 28.45274pt)
* v-part:(T,H,B)=(28.45274pt, 216.24113pt, 28.45274pt)
* \paperwidth=364.19536pt
* \paperheight=273.14662pt
* \textwidth=307.28987pt
* \textheight=216.24113pt
* \oddsidemargin=-43.81725pt
* \evensidemargin=-43.81725pt
* \topmargin=-58.04361pt
* \headheight=14.22636pt
* \headsep=0.0pt
* \topskip=10.0pt
* \footskip=14.22636pt
* \marginparwidth=65.0pt
* \marginparsep=11.0pt
* \columnsep=10.0pt
* \skip\footins=9.0pt plus 4.0pt minus 2.0pt
* \hoffset=0.0pt
* \voffset=0.0pt
* \mag=1000
* \@twocolumnfalse
* \@twosidefalse
* \@mparswitchfalse
* \@reversemarginfalse
* (1in=72.27pt=25.4mm, 1cm=28.453pt)

\openout2 = `titlePage.aux'.

(./titlePage.tex [1


{/var/lib/texmf/fonts/map/pdftex/updmap/pdftex.map}])
Underfull \hbox (badness 10000) in paragraph at lines 19--28

 []

[2

] [3] <johnstonLaurentianMap.png, id=15, 839.135pt x 616.3025pt>
File: johnstonLaurentianMap.png Graphic file (type png)

<use johnstonLaurentianMap.png>
Package pdftex.def Info: johnstonLaurentianMap.png used on input line 42.
(pdftex.def)             Requested size: 262.2211pt x 192.58466pt.


LaTeX Warning: Float too large for page by 10.34352pt on input line 45.


Underfull \hbox (badness 10000) in paragraph at lines 36--46

 []


LaTeX Warning: `h' float specifier changed to `ht'.

[4] [5 <./johnstonLaurentianMap.png>]
\openout2 = `rawDataGraph.aux'.

 (./rawDataGraph.tex
<data/theDataRaw.png, id=24, 578.16pt x 433.62pt>
File: data/theDataRaw.png Graphic file (type png)
 <use data/theDataRaw.png>
Package pdftex.def Info: data/theDataRaw.png used on input line 2.
(pdftex.def)             Requested size: 307.28987pt x 230.46591pt.


LaTeX Warning: Float too large for page by 38.16922pt on input line 5.


LaTeX Warning: `h' float specifier changed to `ht'.

) [6 <./data/theDataRaw.png>]
Underfull \hbox (badness 10000) in paragraph at lines 61--64

 []

[7


]
\openout2 = `rawDataWithModelGraph.aux'.

 (./rawDataWithModelGraph.tex
<data/theData.png, id=33, 578.16pt x 433.62pt>
File: data/theData.png Graphic file (type png)
 <use data/theData.png>
Package pdftex.def Info: data/theData.png used on input line 2.
(pdftex.def)             Requested size: 307.28987pt x 230.46591pt.


LaTeX Warning: Float too large for page by 48.22478pt on input line 5.


LaTeX Warning: `h' float specifier changed to `ht'.

) [8 <./data/theData.png>]
Underfull \hbox (badness 10000) in paragraph at lines 69--71

 []

[9


]
\openout2 = `graphs.aux'.

 (./graphs.tex <data/ATB-BATB_DataAndModel.png, id=41, 578.16pt x 433.62pt>
File: data/ATB-BATB_DataAndModel.png Graphic file (type png)

<use data/ATB-BATB_DataAndModel.png>
Package pdftex.def Info: data/ATB-BATB_DataAndModel.png used on input line 5.
(pdftex.def)             Requested size: 262.2211pt x 196.66222pt.


LaTeX Warning: Float too large for page by 4.36552pt on input line 8.

<data/gias/theGIA_ATB_relative_to_BATB.png, id=42, 867.24pt x 578.16pt>
File: data/gias/theGIA_ATB_relative_to_BATB.png Graphic file (type png)

<use data/gias/theGIA_ATB_relative_to_BATB.png>
Package pdftex.def Info: data/gias/theGIA_ATB_relative_to_BATB.png used on inpu
t line 12.
(pdftex.def)             Requested size: 276.559pt x 184.37097pt.


LaTeX Warning: Float too large for page by 2.12984pt on input line 15.

<data/gias/theGIA_BATB_relative_to_ATB.png, id=43, 867.24pt x 578.16pt>
File: data/gias/theGIA_BATB_relative_to_ATB.png Graphic file (type png)

<use data/gias/theGIA_BATB_relative_to_ATB.png>
Package pdftex.def Info: data/gias/theGIA_BATB_relative_to_ATB.png used on inpu
t line 20.
(pdftex.def)             Requested size: 276.559pt x 184.37097pt.


LaTeX Warning: Float too large for page by 2.12984pt on input line 23.

<data/TAHB-BATB_DataAndModel.png, id=44, 578.16pt x 433.62pt>
File: data/TAHB-BATB_DataAndModel.png Graphic file (type png)

<use data/TAHB-BATB_DataAndModel.png>
Package pdftex.def Info: data/TAHB-BATB_DataAndModel.png used on input line 30.

(pdftex.def)             Requested size: 262.2211pt x 196.66222pt.


LaTeX Warning: Float too large for page by 4.36552pt on input line 33.


LaTeX Warning: `h' float specifier changed to `ht'.

<data/gias/theGIA_TAHB_relative_to_BATB.png, id=45, 867.24pt x 578.16pt>
File: data/gias/theGIA_TAHB_relative_to_BATB.png Graphic file (type png)

<use data/gias/theGIA_TAHB_relative_to_BATB.png>
Package pdftex.def Info: data/gias/theGIA_TAHB_relative_to_BATB.png used on inp
ut line 37.
(pdftex.def)             Requested size: 276.559pt x 184.37097pt.


LaTeX Warning: Float too large for page by 2.12984pt on input line 40.


LaTeX Warning: `h' float specifier changed to `ht'.

<data/gias/theGIA_BATB_relative_to_TAHB.png, id=46, 867.24pt x 578.16pt>
File: data/gias/theGIA_BATB_relative_to_TAHB.png Graphic file (type png)

<use data/gias/theGIA_BATB_relative_to_TAHB.png>
Package pdftex.def Info: data/gias/theGIA_BATB_relative_to_TAHB.png used on inp
ut line 45.
(pdftex.def)             Requested size: 276.559pt x 184.37097pt.


LaTeX Warning: Float too large for page by 2.12984pt on input line 48.


LaTeX Warning: `h' float specifier changed to `ht'.

<data/TAHB-ATB_DataAndModel.png, id=47, 578.16pt x 433.62pt>
File: data/TAHB-ATB_DataAndModel.png Graphic file (type png)

<use data/TAHB-ATB_DataAndModel.png>
Package pdftex.def Info: data/TAHB-ATB_DataAndModel.png used on input line 59.
(pdftex.def)             Requested size: 262.2211pt x 196.66222pt.


LaTeX Warning: Float too large for page by 4.36552pt on input line 62.


LaTeX Warning: `h' float specifier changed to `ht'.

<data/gias/theGIA_TAHB_relative_to_ATB.png, id=48, 867.24pt x 578.16pt>
File: data/gias/theGIA_TAHB_relative_to_ATB.png Graphic file (type png)

<use data/gias/theGIA_TAHB_relative_to_ATB.png>
Package pdftex.def Info: data/gias/theGIA_TAHB_relative_to_ATB.png used on inpu
t line 66.
(pdftex.def)             Requested size: 276.559pt x 184.37097pt.


LaTeX Warning: Float too large for page by 2.12984pt on input line 69.


LaTeX Warning: `h' float specifier changed to `ht'.

<data/gias/theGIA_ATB_relative_to_TAHB.png, id=49, 867.24pt x 578.16pt>
File: data/gias/theGIA_ATB_relative_to_TAHB.png Graphic file (type png)

<use data/gias/theGIA_ATB_relative_to_TAHB.png>
Package pdftex.def Info: data/gias/theGIA_ATB_relative_to_TAHB.png used on inpu
t line 74.
(pdftex.def)             Requested size: 276.559pt x 184.37097pt.


LaTeX Warning: Float too large for page by 2.12984pt on input line 77.


LaTeX Warning: `h' float specifier changed to `ht'.

<data/GTB-BATB_DataAndModel.png, id=50, 578.16pt x 433.62pt>
File: data/GTB-BATB_DataAndModel.png Graphic file (type png)

<use data/GTB-BATB_DataAndModel.png>
Package pdftex.def Info: data/GTB-BATB_DataAndModel.png used on input line 86.
(pdftex.def)             Requested size: 262.2211pt x 196.66222pt.


LaTeX Warning: Float too large for page by 4.36552pt on input line 89.


LaTeX Warning: `h' float specifier changed to `ht'.

<data/gias/theGIA_GTB_relative_to_BATB.png, id=51, 867.24pt x 578.16pt>
File: data/gias/theGIA_GTB_relative_to_BATB.png Graphic file (type png)

<use data/gias/theGIA_GTB_relative_to_BATB.png>
Package pdftex.def Info: data/gias/theGIA_GTB_relative_to_BATB.png used on inpu
t line 93.
(pdftex.def)             Requested size: 276.559pt x 184.37097pt.


LaTeX Warning: Float too large for page by 2.12984pt on input line 96.


LaTeX Warning: `h' float specifier changed to `ht'.

<data/gias/theGIA_BATB_relative_to_GTB.png, id=52, 867.24pt x 578.16pt>
File: data/gias/theGIA_BATB_relative_to_GTB.png Graphic file (type png)

<use data/gias/theGIA_BATB_relative_to_GTB.png>
Package pdftex.def Info: data/gias/theGIA_BATB_relative_to_GTB.png used on inpu
t line 101.
(pdftex.def)             Requested size: 276.559pt x 184.37097pt.


LaTeX Warning: Float too large for page by 2.12984pt on input line 104.


LaTeX Warning: `h' float specifier changed to `ht'.

<data/GTB-ATB_DataAndModel.png, id=53, 578.16pt x 433.62pt>
File: data/GTB-ATB_DataAndModel.png Graphic file (type png)

<use data/GTB-ATB_DataAndModel.png>
Package pdftex.def Info: data/GTB-ATB_DataAndModel.png used on input line 116.
(pdftex.def)             Requested size: 262.2211pt x 196.66222pt.


LaTeX Warning: Float too large for page by 4.36552pt on input line 119.


LaTeX Warning: `h' float specifier changed to `ht'.

<data/gias/theGIA_GTB_relative_to_ATB.png, id=54, 867.24pt x 578.16pt>
File: data/gias/theGIA_GTB_relative_to_ATB.png Graphic file (type png)

<use data/gias/theGIA_GTB_relative_to_ATB.png>
Package pdftex.def Info: data/gias/theGIA_GTB_relative_to_ATB.png used on input
 line 123.
(pdftex.def)             Requested size: 276.559pt x 184.37097pt.


LaTeX Warning: Float too large for page by 2.12984pt on input line 126.


LaTeX Warning: `h' float specifier changed to `ht'.

<data/gias/theGIA_ATB_relative_to_GTB.png, id=55, 867.24pt x 578.16pt>
File: data/gias/theGIA_ATB_relative_to_GTB.png Graphic file (type png)

<use data/gias/theGIA_ATB_relative_to_GTB.png>
Package pdftex.def Info: data/gias/theGIA_ATB_relative_to_GTB.png used on input
 line 131.
(pdftex.def)             Requested size: 276.559pt x 184.37097pt.


LaTeX Warning: Float too large for page by 2.12984pt on input line 134.


LaTeX Warning: `h' float specifier changed to `ht'.

<data/GTB-TAHB_DataAndModel.png, id=56, 578.16pt x 433.62pt>
File: data/GTB-TAHB_DataAndModel.png Graphic file (type png)

<use data/GTB-TAHB_DataAndModel.png>
Package pdftex.def Info: data/GTB-TAHB_DataAndModel.png used on input line 147.

(pdftex.def)             Requested size: 262.2211pt x 196.66222pt.


LaTeX Warning: Float too large for page by 4.36552pt on input line 150.


LaTeX Warning: `h' float specifier changed to `ht'.

<data/gias/theGIA_GTB_relative_to_TAHB.png, id=57, 867.24pt x 578.16pt>
File: data/gias/theGIA_GTB_relative_to_TAHB.png Graphic file (type png)

<use data/gias/theGIA_GTB_relative_to_TAHB.png>
Package pdftex.def Info: data/gias/theGIA_GTB_relative_to_TAHB.png used on inpu
t line 154.
(pdftex.def)             Requested size: 276.559pt x 184.37097pt.


LaTeX Warning: Float too large for page by 2.12984pt on input line 157.


LaTeX Warning: `h' float specifier changed to `ht'.

<data/gias/theGIA_TAHB_relative_to_GTB.png, id=58, 867.24pt x 578.16pt>
File: data/gias/theGIA_TAHB_relative_to_GTB.png Graphic file (type png)

<use data/gias/theGIA_TAHB_relative_to_GTB.png>
Package pdftex.def Info: data/gias/theGIA_TAHB_relative_to_GTB.png used on inpu
t line 162.
(pdftex.def)             Requested size: 276.559pt x 184.37097pt.


LaTeX Warning: Float too large for page by 2.12984pt on input line 165.


LaTeX Warning: `h' float specifier changed to `ht'.

<data/intervals.png, id=59, 578.16pt x 433.62pt>
File: data/intervals.png Graphic file (type png)
 <use data/intervals.png>
Package pdftex.def Info: data/intervals.png used on input line 170.
(pdftex.def)             Requested size: 218.51942pt x 163.88408pt.


LaTeX Warning: `h' float specifier changed to `ht'.

) [10 <./data/ATB-BATB_DataAndModel.png>] [11 <./data/gias/theGIA_ATB_relative_
to_BATB.png>] [12 <./data/gias/theGIA_BATB_relative_to_ATB.png>] [13 <./data/TA
HB-BATB_DataAndModel.png>] [14 <./data/gias/theGIA_TAHB_relative_to_BATB.png>]
[15 <./data/gias/theGIA_BATB_relative_to_TAHB.png>] [16 <./data/TAHB-ATB_DataAn
dModel.png>] [17 <./data/gias/theGIA_TAHB_relative_to_ATB.png>] [18 <./data/gia
s/theGIA_ATB_relative_to_TAHB.png>] [19 <./data/GTB-BATB_DataAndModel.png>]
[20 <./data/gias/theGIA_GTB_relative_to_BATB.png>] [21 <./data/gias/theGIA_BATB
_relative_to_GTB.png>] [22 <./data/GTB-ATB_DataAndModel.png>] [23 <./data/gias/
theGIA_GTB_relative_to_ATB.png>] [24 <./data/gias/theGIA_ATB_relative_to_GTB.pn
g>] [25 <./data/GTB-TAHB_DataAndModel.png>] [26 <./data/gias/theGIA_GTB_relativ
e_to_TAHB.png>] [27 <./data/gias/theGIA_TAHB_relative_to_GTB.png>] [28 <./data/
intervals.png>]
<johnstonLaurentianMapWithMyGIARates.png, id=139, 702.625pt x 279.0425pt>
File: johnstonLaurentianMapWithMyGIARates.png Graphic file (type png)

<use johnstonLaurentianMapWithMyGIARates.png>
Package pdftex.def Info: johnstonLaurentianMapWithMyGIARates.png used on input 
line 76.
(pdftex.def)             Requested size: 262.2211pt x 104.1425pt.
 [29


 <./johnstonLaurentianMapWithMyGIARates.png>] <mainvilleGias.png, id=144, 986.6
8625pt x 605.26125pt>
File: mainvilleGias.png Graphic file (type png)

<use mainvilleGias.png>
Package pdftex.def Info: mainvilleGias.png used on input line 82.
(pdftex.def)             Requested size: 262.2211pt x 160.85524pt.


LaTeX Warning: `h' float specifier changed to `ht'.


<johnstonLaurentianMapWithCraymerGIARates.png, id=145, 702.625pt x 279.0425pt>
File: johnstonLaurentianMapWithCraymerGIARates.png Graphic file (type png)

<use johnstonLaurentianMapWithCraymerGIARates.png>
Package pdftex.def Info: johnstonLaurentianMapWithCraymerGIARates.png used on i
nput line 88.
(pdftex.def)             Requested size: 262.2211pt x 104.1425pt.


LaTeX Warning: `h' float specifier changed to `ht'.

[30 <./mainvilleGias.png>] [31 <./johnstonLaurentianMapWithCraymerGIARates.png>
] (./giaPres.aux (./titlePage.aux) (./rawDataGraph.aux)
(./rawDataWithModelGraph.aux) (./graphs.aux)) ) 
Here is how much of TeX's memory you used:
 2127 strings out of 494953
 33503 string characters out of 6180977
 93826 words of memory out of 5000000
 5365 multiletter control sequences out of 15000+600000
 4890 words of font info for 18 fonts, out of 8000000 for 9000
 14 hyphenation exceptions out of 8191
 38i,7n,31p,233b,235s stack positions out of 5000i,500n,10000p,200000b,80000s
</usr/share/texlive/texmf-dist/f
onts/type1/public/amsfonts/cm/cmbx12.pfb></usr/share/texlive/texmf-dist/fonts/t
ype1/public/amsfonts/cm/cmr10.pfb></usr/share/texlive/texmf-dist/fonts/type1/pu
blic/amsfonts/cm/cmti12.pfb>
Output written on giaPres.pdf (31 pages, 4680287 bytes).
PDF statistics:
 167 PDF objects out of 1000 (max. 8388607)
 80 compressed objects within 1 object stream
 0 named destinations out of 1000 (max. 500000)
 126 words of extra memory for PDF output out of 10000 (max. 10000000)

